c:\users\plaguedoctor\source\repos\passivetreeexercise\passivetreeexercise\x64\debug\vc142.pdb
c:\users\plaguedoctor\source\repos\passivetreeexercise\passivetreeexercise\x64\debug\vc142.idb
c:\users\plaguedoctor\source\repos\passivetreeexercise\passivetreeexercise\x64\debug\skillsprites.obj
c:\users\plaguedoctor\source\repos\passivetreeexercise\passivetreeexercise\x64\debug\node.obj
c:\users\plaguedoctor\source\repos\passivetreeexercise\passivetreeexercise\x64\debug\shader.obj
c:\users\plaguedoctor\source\repos\passivetreeexercise\passivetreeexercise\x64\debug\source.obj
c:\users\plaguedoctor\source\repos\passivetreeexercise\passivetreeexercise\x64\debug\render.obj
c:\users\plaguedoctor\source\repos\passivetreeexercise\passivetreeexercise\x64\debug\group.obj
c:\users\plaguedoctor\source\repos\passivetreeexercise\passivetreeexercise\x64\debug\constants.obj
c:\users\plaguedoctor\source\repos\passivetreeexercise\passivetreeexercise\x64\debug\renderableobject.obj
c:\users\plaguedoctor\source\repos\passivetreeexercise\passivetreeexercise\x64\debug\point.obj
c:\users\plaguedoctor\source\repos\passivetreeexercise\passivetreeexercise\x64\debug\line.obj
c:\users\plaguedoctor\source\repos\passivetreeexercise\passivetreeexercise\x64\debug\points.obj
c:\users\plaguedoctor\source\repos\passivetreeexercise\x64\debug\passivetreeexercise.exe
c:\users\plaguedoctor\source\repos\passivetreeexercise\x64\debug\passivetreeexercise.ilk
c:\users\plaguedoctor\source\repos\passivetreeexercise\x64\debug\passivetreeexercise.pdb
c:\users\plaguedoctor\source\repos\passivetreeexercise\passivetreeexercise\x64\debug\point.obj.enc
c:\users\plaguedoctor\source\repos\passivetreeexercise\passivetreeexercise\x64\debug\passivet.a3453c95.tlog\cl.command.1.tlog
c:\users\plaguedoctor\source\repos\passivetreeexercise\passivetreeexercise\x64\debug\passivet.a3453c95.tlog\cl.read.1.tlog
c:\users\plaguedoctor\source\repos\passivetreeexercise\passivetreeexercise\x64\debug\passivet.a3453c95.tlog\cl.write.1.tlog
c:\users\plaguedoctor\source\repos\passivetreeexercise\passivetreeexercise\x64\debug\passivet.a3453c95.tlog\link.command.1.tlog
c:\users\plaguedoctor\source\repos\passivetreeexercise\passivetreeexercise\x64\debug\passivet.a3453c95.tlog\link.read.1.tlog
c:\users\plaguedoctor\source\repos\passivetreeexercise\passivetreeexercise\x64\debug\passivet.a3453c95.tlog\link.write.1.tlog
